<?xml version="1.0" encoding="UTF-8"?>
<testng-results skipped="0" failed="0" total="0" passed="0">
  <reporter-output>
  </reporter-output>
  <suite name="org.selenium.AppTest" duration-ms="9" started-at="2013-09-24T06:37:16Z" finished-at="2013-09-24T06:37:16Z">
    <groups>
    </groups>
    <test name="Command line test" duration-ms="9" started-at="2013-09-24T06:37:16Z" finished-at="2013-09-24T06:37:16Z">
    </test> <!-- Command line test -->
  </suite> <!-- org.selenium.AppTest -->
</testng-results>
