<?xml version="1.0" encoding="UTF-8"?>
<testng-results skipped="0" failed="0" total="1" passed="1">
  <reporter-output>
  </reporter-output>
  <suite name="Suite" duration-ms="14487" started-at="2013-10-13T05:37:46Z" finished-at="2013-10-13T05:38:01Z">
    <groups>
    </groups>
    <test name="TC_004" duration-ms="14487" started-at="2013-10-13T05:37:46Z" finished-at="2013-10-13T05:38:01Z">
      <class name="org.sample.ParameterTest">
        <test-method status="PASS" signature="createExcelHash()[pri:0, instance:org.sample.ParameterTest@9310d2]" name="createExcelHash" is-config="true" duration-ms="1797" started-at="2013-10-13T11:07:45Z" finished-at="2013-10-13T11:07:46Z">
          <reporter-output>
          </reporter-output>
        </test-method> <!-- createExcelHash -->
        <test-method status="PASS" signature="testExecMethod(java.lang.String)[pri:0, instance:org.sample.ParameterTest@9310d2]" name="testExecMethod" duration-ms="14456" started-at="2013-10-13T11:07:46Z" finished-at="2013-10-13T11:08:01Z">
          <params>
            <param index="0">
              <value>
                <![CDATA[TC_004]]>
              </value>
            </param>
          </params>
          <reporter-output>
          </reporter-output>
        </test-method> <!-- testExecMethod -->
      </class> <!-- org.sample.ParameterTest -->
    </test> <!-- TC_004 -->
  </suite> <!-- Suite -->
</testng-results>
