<?xml version="1.0" encoding="UTF-8"?>
<testng-results skipped="0" failed="0" total="3" passed="3">
  <reporter-output>
  </reporter-output>
  <suite name="Suite" duration-ms="22529" started-at="2013-10-01T09:28:19Z" finished-at="2013-10-01T09:28:42Z">
    <groups>
    </groups>
    <test name="TC_001" duration-ms="6384" started-at="2013-10-01T09:28:19Z" finished-at="2013-10-01T09:28:26Z">
      <class name="org.sample.ParameterTest">
        <test-method status="PASS" signature="testExecMethod(java.lang.String)[pri:0, instance:org.sample.ParameterTest@1cb1d37]" name="testExecMethod" duration-ms="6373" started-at="2013-10-01T14:58:19Z" finished-at="2013-10-01T14:58:26Z">
          <params>
            <param index="0">
              <value>
                <![CDATA[TC_001]]>
              </value>
            </param>
          </params>
          <reporter-output>
          </reporter-output>
        </test-method> <!-- testExecMethod -->
      </class> <!-- org.sample.ParameterTest -->
    </test> <!-- TC_001 -->
    <test name="TC_002" duration-ms="3399" started-at="2013-10-01T09:28:26Z" finished-at="2013-10-01T09:28:29Z">
      <class name="org.sample.ParameterTest">
        <test-method status="PASS" signature="testExecMethod(java.lang.String)[pri:0, instance:org.sample.ParameterTest@4568f8]" name="testExecMethod" duration-ms="3399" started-at="2013-10-01T14:58:26Z" finished-at="2013-10-01T14:58:29Z">
          <params>
            <param index="0">
              <value>
                <![CDATA[TC_002]]>
              </value>
            </param>
          </params>
          <reporter-output>
          </reporter-output>
        </test-method> <!-- testExecMethod -->
      </class> <!-- org.sample.ParameterTest -->
    </test> <!-- TC_002 -->
    <test name="TC_003" duration-ms="12602" started-at="2013-10-01T09:28:29Z" finished-at="2013-10-01T09:28:42Z">
      <class name="org.sample.ParameterTest">
        <test-method status="PASS" signature="createExcelHash()[pri:0, instance:org.sample.ParameterTest@780024]" name="createExcelHash" is-config="true" duration-ms="834" started-at="2013-10-01T14:58:18Z" finished-at="2013-10-01T14:58:19Z">
          <reporter-output>
          </reporter-output>
        </test-method> <!-- createExcelHash -->
        <test-method status="PASS" signature="testExecMethod(java.lang.String)[pri:0, instance:org.sample.ParameterTest@780024]" name="testExecMethod" duration-ms="12602" started-at="2013-10-01T14:58:29Z" finished-at="2013-10-01T14:58:42Z">
          <params>
            <param index="0">
              <value>
                <![CDATA[TC_003]]>
              </value>
            </param>
          </params>
          <reporter-output>
          </reporter-output>
        </test-method> <!-- testExecMethod -->
      </class> <!-- org.sample.ParameterTest -->
    </test> <!-- TC_003 -->
  </suite> <!-- Suite -->
</testng-results>
