<?xml version="1.0" encoding="UTF-8"?>
<testng-results skipped="0" failed="0" total="3" passed="3">
  <reporter-output>
  </reporter-output>
  <suite name="Suite" duration-ms="31225" started-at="2013-09-24T06:38:11Z" finished-at="2013-09-24T06:38:42Z">
    <groups>
    </groups>
    <test name="TC_001" duration-ms="12797" started-at="2013-09-24T06:38:11Z" finished-at="2013-09-24T06:38:23Z">
      <class name="org.sample.ParameterTest">
        <test-method status="PASS" signature="testExecMethod(java.lang.String)[pri:0, instance:org.sample.ParameterTest@1560d4c]" name="testExecMethod" duration-ms="12755" started-at="2013-09-24T12:08:11Z" finished-at="2013-09-24T12:08:23Z">
          <params>
            <param index="0">
              <value>
                <![CDATA[TC_001]]>
              </value>
            </param>
          </params>
          <reporter-output>
          </reporter-output>
        </test-method> <!-- testExecMethod -->
      </class> <!-- org.sample.ParameterTest -->
    </test> <!-- TC_001 -->
    <test name="TC_002" duration-ms="3693" started-at="2013-09-24T06:38:23Z" finished-at="2013-09-24T06:38:27Z">
      <class name="org.sample.ParameterTest">
        <test-method status="PASS" signature="testExecMethod(java.lang.String)[pri:0, instance:org.sample.ParameterTest@a0fbf0]" name="testExecMethod" duration-ms="3691" started-at="2013-09-24T12:08:23Z" finished-at="2013-09-24T12:08:27Z">
          <params>
            <param index="0">
              <value>
                <![CDATA[TC_002]]>
              </value>
            </param>
          </params>
          <reporter-output>
          </reporter-output>
        </test-method> <!-- testExecMethod -->
      </class> <!-- org.sample.ParameterTest -->
    </test> <!-- TC_002 -->
    <test name="TC_003" duration-ms="14720" started-at="2013-09-24T06:38:27Z" finished-at="2013-09-24T06:38:42Z">
      <class name="org.sample.ParameterTest">
        <test-method status="PASS" signature="createExcelHash()[pri:0, instance:org.sample.ParameterTest@28573f]" name="createExcelHash" is-config="true" duration-ms="1296" started-at="2013-09-24T12:08:09Z" finished-at="2013-09-24T12:08:11Z">
          <reporter-output>
          </reporter-output>
        </test-method> <!-- createExcelHash -->
        <test-method status="PASS" signature="testExecMethod(java.lang.String)[pri:0, instance:org.sample.ParameterTest@28573f]" name="testExecMethod" duration-ms="14718" started-at="2013-09-24T12:08:27Z" finished-at="2013-09-24T12:08:42Z">
          <params>
            <param index="0">
              <value>
                <![CDATA[TC_003]]>
              </value>
            </param>
          </params>
          <reporter-output>
          </reporter-output>
        </test-method> <!-- testExecMethod -->
      </class> <!-- org.sample.ParameterTest -->
    </test> <!-- TC_003 -->
  </suite> <!-- Suite -->
</testng-results>
