<?xml version="1.0" encoding="UTF-8"?>
<testng-results skipped="0" failed="0" total="1" passed="1">
  <reporter-output>
  </reporter-output>
  <suite name="Suite" duration-ms="35720" started-at="2013-09-19T17:57:59Z" finished-at="2013-09-19T17:58:35Z">
    <groups>
    </groups>
    <test name="TC_001" duration-ms="35720" started-at="2013-09-19T17:57:59Z" finished-at="2013-09-19T17:58:35Z">
      <class name="org.sample.ParameterTest">
        <test-method status="PASS" signature="createExcelHash()[pri:0, instance:org.sample.ParameterTest@19ebfd1]" name="createExcelHash" is-config="true" duration-ms="1293" started-at="2013-09-19T23:27:58Z" finished-at="2013-09-19T23:27:59Z">
          <reporter-output>
          </reporter-output>
        </test-method> <!-- createExcelHash -->
        <test-method status="PASS" signature="testExecMethod(java.lang.String)[pri:0, instance:org.sample.ParameterTest@19ebfd1]" name="testExecMethod" duration-ms="35704" started-at="2013-09-19T23:27:59Z" finished-at="2013-09-19T23:28:35Z">
          <params>
            <param index="0">
              <value>
                <![CDATA[TC_001]]>
              </value>
            </param>
          </params>
          <reporter-output>
          </reporter-output>
        </test-method> <!-- testExecMethod -->
      </class> <!-- org.sample.ParameterTest -->
    </test> <!-- TC_001 -->
  </suite> <!-- Suite -->
</testng-results>
